<?xml version="1.0" encoding="UTF-8"?>
<!-- Generated by org.testng.reporters.JUnitReportReporter -->
<testsuite hostname="TamannaPC" failures="0" tests="5" name="TestWithJenkins.Class_Assignment_Assertions_Login" time="28.908" errors="0" timestamp="2024-02-29T19:15:21 EST" skipped="0">
  <testcase classname="TestWithJenkins.Class_Assignment_Assertions_Login" name="enterValidCredentials" time="7.188"/>
  <testcase classname="TestWithJenkins.Class_Assignment_Assertions_Login" name="enterValidEmailInvalidPassword" time="5.405"/>
  <testcase classname="TestWithJenkins.Class_Assignment_Assertions_Login" name="enterInvalidEmailValidPassword" time="5.433"/>
  <testcase classname="TestWithJenkins.Class_Assignment_Assertions_Login" name="enterInvalidCredentials" time="5.438"/>
  <testcase classname="TestWithJenkins.Class_Assignment_Assertions_Login" name="enterNoCredentials" time="5.444"/>
</testsuite> <!-- TestWithJenkins.Class_Assignment_Assertions_Login -->
