<?xml version="1.0" encoding="UTF-8"?>
<!-- Generated by org.testng.reporters.JUnitReportReporter -->
<testsuite hostname="TamannaPC" failures="0" tests="5" name="TestWithJenkins.Class_Assignment_Assertions_Login" time="28.943" errors="0" timestamp="2024-02-29T19:56:23 EST" skipped="0">
  <testcase classname="TestWithJenkins.Class_Assignment_Assertions_Login" name="enterValidCredentials" time="5.979"/>
  <testcase classname="TestWithJenkins.Class_Assignment_Assertions_Login" name="enterValidEmailInvalidPassword" time="6.381"/>
  <testcase classname="TestWithJenkins.Class_Assignment_Assertions_Login" name="enterInvalidEmailValidPassword" time="5.725"/>
  <testcase classname="TestWithJenkins.Class_Assignment_Assertions_Login" name="enterInvalidCredentials" time="5.511"/>
  <testcase classname="TestWithJenkins.Class_Assignment_Assertions_Login" name="enterNoCredentials" time="5.347"/>
</testsuite> <!-- TestWithJenkins.Class_Assignment_Assertions_Login -->
